[16Sep2022 00:05:00.884] [Server thread/WARN] [net.minecraft.world.TrackedEntity/]: Fetching packet for removed entity ItemEntity['Air'/35090, l='ServerLevel[world]', x=1626.20, y=65.00, z=-594.80]
[16Sep2022 00:09:13.632] [Server thread/WARN] [net.minecraft.world.TrackedEntity/]: Fetching packet for removed entity ItemEntity['Air'/37079, l='ServerLevel[world]', x=1626.80, y=65.00, z=-594.20]
[16Sep2022 00:16:25.684] [Server thread/WARN] [net.minecraft.world.TrackedEntity/]: Fetching packet for removed entity ItemEntity['Air'/40482, l='ServerLevel[world]', x=1626.80, y=65.00, z=-594.20]
[16Sep2022 00:16:43.383] [Server thread/WARN] [net.minecraft.world.TrackedEntity/]: Fetching packet for removed entity ItemEntity['Air'/40637, l='ServerLevel[world]', x=1637.67, y=64.00, z=-560.86]
[16Sep2022 00:18:51.683] [Server thread/WARN] [net.minecraft.world.TrackedEntity/]: Fetching packet for removed entity ItemEntity['Air'/41709, l='ServerLevel[world]', x=1626.20, y=65.00, z=-594.80]
[16Sep2022 00:36:56.235] [Server thread/WARN] [net.minecraft.world.TrackedEntity/]: Fetching packet for removed entity ItemEntity['Air'/50308, l='ServerLevel[world]', x=1626.20, y=65.00, z=-594.20]
[16Sep2022 00:38:53.484] [Server thread/WARN] [net.minecraft.world.TrackedEntity/]: Fetching packet for removed entity ItemEntity['Air'/51359, l='ServerLevel[world]', x=1626.20, y=65.00, z=-594.20]
[16Sep2022 00:44:40.235] [Server thread/WARN] [net.minecraft.world.TrackedEntity/]: Fetching packet for removed entity ItemEntity['Air'/54215, l='ServerLevel[world]', x=1626.20, y=65.00, z=-594.80]
[16Sep2022 00:48:25.932] [Server thread/WARN] [net.minecraft.world.TrackedEntity/]: Fetching packet for removed entity ItemEntity['Air'/55998, l='ServerLevel[world]', x=1626.80, y=65.00, z=-594.20]
[16Sep2022 00:50:47.283] [Server thread/WARN] [net.minecraft.world.TrackedEntity/]: Fetching packet for removed entity ItemEntity['Air'/57207, l='ServerLevel[world]', x=1626.80, y=65.00, z=-594.20]
[16Sep2022 00:51:24.035] [Server thread/INFO] [FTB Utilities Backups/]: Server Backup started!
[16Sep2022 00:51:24.035] [Server thread/INFO] [net.minecraft.server.dedicated.DedicatedServer/]: Server Backup started!
[16Sep2022 00:51:24.228] [Thread-120/INFO] [FTB Utilities Backups/]: Backing up 299 files...
[16Sep2022 00:51:24.230] [Thread-120/INFO] [FTB Utilities Backups/]: Compressing 299 files...
[16Sep2022 00:51:29.561] [Thread-120/INFO] [FTB Utilities Backups/]: Done compressing in 00:05 seconds (169.7MB)!
[16Sep2022 00:51:29.561] [Thread-120/INFO] [FTB Utilities Backups/]: Created C:\Users\Usuario\Desktop\Create-Above-and-beyond-server\backups\2022-09-16-00-51-24.zip from C:\Users\Usuario\Desktop\Create-Above-and-beyond-server\world
[16Sep2022 00:51:29.562] [Thread-120/INFO] [net.minecraft.server.dedicated.DedicatedServer/]: Server backup done in 00:05! (169.7MB | 673.4MB)
[16Sep2022 00:57:40.535] [Server thread/WARN] [net.minecraft.world.TrackedEntity/]: Fetching packet for removed entity ItemEntity['Air'/60551, l='ServerLevel[world]', x=1626.80, y=65.00, z=-594.80]
[16Sep2022 01:00:42.535] [Server thread/WARN] [net.minecraft.world.TrackedEntity/]: Fetching packet for removed entity ItemEntity['Air'/62007, l='ServerLevel[world]', x=1626.20, y=65.00, z=-594.20]
[16Sep2022 01:03:16.335] [Server thread/WARN] [net.minecraft.world.TrackedEntity/]: Fetching packet for removed entity ItemEntity['Air'/63277, l='ServerLevel[world]', x=1626.80, y=65.00, z=-594.20]
[16Sep2022 01:12:19.834] [Server thread/WARN] [net.minecraft.world.TrackedEntity/]: Fetching packet for removed entity ItemEntity['Air'/67644, l='ServerLevel[world]', x=1626.20, y=65.00, z=-594.20]
[16Sep2022 01:18:51.834] [Server thread/WARN] [net.minecraft.world.TrackedEntity/]: Fetching packet for removed entity ItemEntity['Air'/70817, l='ServerLevel[world]', x=1637.29, y=64.00, z=-558.24]
[16Sep2022 01:20:13.283] [Server thread/WARN] [net.minecraft.world.TrackedEntity/]: Fetching packet for removed entity ItemEntity['Air'/71475, l='ServerLevel[world]', x=1626.20, y=65.00, z=-594.20]
[16Sep2022 01:23:21.282] [Server thread/WARN] [net.minecraft.world.TrackedEntity/]: Fetching packet for removed entity ItemEntity['Air'/73077, l='ServerLevel[world]', x=1626.80, y=65.00, z=-594.20]
[16Sep2022 01:24:46.540] [Server thread/WARN] [net.minecraft.world.TrackedEntity/]: Fetching packet for removed entity ItemEntity['Air'/73869, l='ServerLevel[world]', x=1626.80, y=65.00, z=-594.20]
[16Sep2022 01:35:03.835] [Server thread/WARN] [net.minecraft.world.TrackedEntity/]: Fetching packet for removed entity ItemEntity['Air'/79168, l='ServerLevel[world]', x=1637.71, y=64.00, z=-558.25]
[16Sep2022 01:41:18.383] [Server thread/WARN] [net.minecraft.world.TrackedEntity/]: Fetching packet for removed entity ItemEntity['Air'/82258, l='ServerLevel[world]', x=1626.20, y=65.00, z=-594.20]
[16Sep2022 01:43:23.035] [Server thread/WARN] [net.minecraft.world.TrackedEntity/]: Fetching packet for removed entity ItemEntity['Air'/83252, l='ServerLevel[world]', x=1626.80, y=65.00, z=-594.20]
[16Sep2022 01:50:51.383] [Server thread/WARN] [net.minecraft.world.TrackedEntity/]: Fetching packet for removed entity ItemEntity['Air'/86799, l='ServerLevel[world]', x=1626.20, y=65.00, z=-594.80]
[16Sep2022 01:50:59.382] [Server thread/WARN] [net.minecraft.world.TrackedEntity/]: Fetching packet for removed entity ItemEntity['Air'/86837, l='ServerLevel[world]', x=1626.20, y=65.00, z=-594.20]
[16Sep2022 01:56:25.440] [Server thread/WARN] [net.minecraft.world.TrackedEntity/]: Fetching packet for removed entity ItemEntity['Air'/89610, l='ServerLevel[world]', x=1637.31, y=64.00, z=-558.79]
[16Sep2022 01:59:29.284] [Server thread/WARN] [net.minecraft.world.TrackedEntity/]: Fetching packet for removed entity ItemEntity['Air'/91131, l='ServerLevel[world]', x=1626.20, y=65.00, z=-594.20]
[16Sep2022 02:02:46.783] [Server thread/WARN] [net.minecraft.world.TrackedEntity/]: Fetching packet for removed entity ItemEntity['Air'/92636, l='ServerLevel[world]', x=1626.20, y=65.00, z=-594.80]
[16Sep2022 02:03:25.934] [Server thread/WARN] [net.minecraft.world.TrackedEntity/]: Fetching packet for removed entity ItemEntity['Air'/92938, l='ServerLevel[world]', x=1626.20, y=65.00, z=-594.80]
[16Sep2022 02:06:20.534] [Server thread/WARN] [net.minecraft.world.TrackedEntity/]: Fetching packet for removed entity ItemEntity['Air'/94327, l='ServerLevel[world]', x=1636.82, y=64.00, z=-559.55]
[16Sep2022 02:15:23.335] [Server thread/WARN] [net.minecraft.world.TrackedEntity/]: Fetching packet for removed entity ItemEntity['Air'/98793, l='ServerLevel[world]', x=1626.20, y=65.00, z=-594.80]
[16Sep2022 02:25:19.085] [Server thread/WARN] [net.minecraft.world.TrackedEntity/]: Fetching packet for removed entity ItemEntity['Air'/103294, l='ServerLevel[world]', x=1626.20, y=65.00, z=-594.80]
[16Sep2022 02:35:23.383] [Server thread/WARN] [net.minecraft.world.TrackedEntity/]: Fetching packet for removed entity ItemEntity['Air'/107973, l='ServerLevel[world]', x=1626.20, y=65.00, z=-594.20]
[16Sep2022 02:37:41.534] [Server thread/WARN] [net.minecraft.world.TrackedEntity/]: Fetching packet for removed entity ItemEntity['Air'/109149, l='ServerLevel[world]', x=1637.32, y=64.00, z=-558.87]
[16Sep2022 02:39:49.834] [Server thread/WARN] [net.minecraft.world.TrackedEntity/]: Fetching packet for removed entity ItemEntity['Air'/110207, l='ServerLevel[world]', x=1626.20, y=65.00, z=-594.80]
[16Sep2022 02:41:45.382] [Server thread/WARN] [net.minecraft.world.TrackedEntity/]: Fetching packet for removed entity ItemEntity['Air'/111139, l='ServerLevel[world]', x=1626.20, y=65.00, z=-594.80]
[16Sep2022 02:45:07.383] [Server thread/WARN] [net.minecraft.world.TrackedEntity/]: Fetching packet for removed entity ItemEntity['Air'/112660, l='ServerLevel[world]', x=1626.20, y=65.00, z=-594.80]
[16Sep2022 02:48:42.881] [Server thread/WARN] [net.minecraft.world.TrackedEntity/]: Fetching packet for removed entity ItemEntity['Air'/114299, l='ServerLevel[world]', x=1626.80, y=65.00, z=-594.20]
[16Sep2022 02:51:24.037] [Server thread/INFO] [FTB Utilities Backups/]: Server Backup started!
[16Sep2022 02:51:24.037] [Server thread/INFO] [net.minecraft.server.dedicated.DedicatedServer/]: Server Backup started!
[16Sep2022 02:51:24.210] [Thread-179/INFO] [FTB Utilities Backups/]: Backing up 299 files...
[16Sep2022 02:51:24.211] [Thread-179/INFO] [FTB Utilities Backups/]: Compressing 299 files...
[16Sep2022 02:51:29.482] [Thread-179/INFO] [FTB Utilities Backups/]: Done compressing in 00:05 seconds (169.7MB)!
[16Sep2022 02:51:29.482] [Thread-179/INFO] [FTB Utilities Backups/]: Created C:\Users\Usuario\Desktop\Create-Above-and-beyond-server\backups\2022-09-16-02-51-24.zip from C:\Users\Usuario\Desktop\Create-Above-and-beyond-server\world
[16Sep2022 02:51:29.483] [Thread-179/INFO] [net.minecraft.server.dedicated.DedicatedServer/]: Server backup done in 00:05! (169.7MB | 843.1MB)
[16Sep2022 02:51:47.383] [Server thread/WARN] [net.minecraft.world.TrackedEntity/]: Fetching packet for removed entity ItemEntity['Air'/115806, l='ServerLevel[world]', x=1626.20, y=65.00, z=-594.80]
[16Sep2022 02:56:35.134] [Server thread/WARN] [net.minecraft.world.TrackedEntity/]: Fetching packet for removed entity ItemEntity['Air'/118072, l='ServerLevel[world]', x=1637.19, y=64.00, z=-557.85]
[16Sep2022 03:02:19.187] [Server thread/INFO] [net.minecraft.server.dedicated.DedicatedServer/]: konex12345 was slain by Spider
[16Sep2022 03:02:21.450] [Netty Server IO #2/ERROR] [net.minecraft.command.arguments.ArgumentTypes/]: Could not serialize zmaster587.advancedRocketry.command.StarArgument@27dca89f (class zmaster587.advancedRocketry.command.StarArgument) - will not be sent to client!
[16Sep2022 03:02:21.450] [Netty Server IO #2/ERROR] [net.minecraft.command.arguments.ArgumentTypes/]: Could not serialize zmaster587.advancedRocketry.command.ReflectionArgument@330553e9 (class zmaster587.advancedRocketry.command.ReflectionArgument) - will not be sent to client!
[16Sep2022 03:02:21.451] [Netty Server IO #2/ERROR] [net.minecraft.command.arguments.ArgumentTypes/]: Could not serialize zmaster587.advancedRocketry.command.ReflectionArgument@726c8985 (class zmaster587.advancedRocketry.command.ReflectionArgument) - will not be sent to client!
[16Sep2022 03:02:21.451] [Netty Server IO #2/ERROR] [net.minecraft.command.arguments.ArgumentTypes/]: Could not serialize zmaster587.advancedRocketry.command.ReflectionArgument@1e432772 (class zmaster587.advancedRocketry.command.ReflectionArgument) - will not be sent to client!
[16Sep2022 03:02:21.451] [Netty Server IO #2/ERROR] [net.minecraft.command.arguments.ArgumentTypes/]: Could not serialize zmaster587.advancedRocketry.command.ReflectionArgument@6e8e9e45 (class zmaster587.advancedRocketry.command.ReflectionArgument) - will not be sent to client!
[16Sep2022 03:02:21.466] [Server thread/WARN] [net.minecraft.network.play.ServerPlayNetHandler/]: konex12345 moved too quickly! 5.800000011920929,8.0,32.93891890448651
[16Sep2022 03:02:44.486] [Server thread/WARN] [net.minecraft.world.TrackedEntity/]: Fetching packet for removed entity ItemEntity['Air'/121055, l='ServerLevel[world]', x=1626.20, y=65.00, z=-594.80]
[16Sep2022 03:06:03.187] [Server thread/INFO] [net.minecraft.network.play.ServerPlayNetHandler/]: konex12345 lost connection: Disconnected
[16Sep2022 03:06:03.187] [Server thread/INFO] [net.minecraft.server.dedicated.DedicatedServer/]: konex12345 left the game
[16Sep2022 03:06:24.028] [Server thread/INFO] [net.minecraft.server.dedicated.DedicatedServer/]: Stopping the server
[16Sep2022 03:06:24.093] [Server thread/INFO] [net.minecraft.server.MinecraftServer/]: Stopping server
[16Sep2022 03:06:24.094] [Server thread/INFO] [net.minecraft.server.MinecraftServer/]: Saving players
[16Sep2022 03:06:24.094] [Server thread/INFO] [net.minecraft.server.MinecraftServer/]: Saving worlds
[16Sep2022 03:06:24.094] [Server thread/INFO] [net.minecraft.server.MinecraftServer/]: Saving chunks for level 'ServerLevel[world]'/minecraft:overworld
[16Sep2022 03:06:24.185] [Server thread/INFO] [net.minecraft.world.server.ChunkManager/]: ThreadedAnvilChunkStorage (world): All chunks are saved
[16Sep2022 03:06:24.185] [Server thread/INFO] [net.minecraft.server.MinecraftServer/]: Saving chunks for level 'ServerLevel[world]'/minecraft:the_nether
[16Sep2022 03:06:24.187] [Server thread/INFO] [net.minecraft.world.server.ChunkManager/]: ThreadedAnvilChunkStorage (DIM-1): All chunks are saved
[16Sep2022 03:06:24.187] [Server thread/INFO] [net.minecraft.server.MinecraftServer/]: Saving chunks for level 'ServerLevel[world]'/minecraft:the_end
[16Sep2022 03:06:24.189] [Server thread/INFO] [net.minecraft.world.server.ChunkManager/]: ThreadedAnvilChunkStorage (DIM1): All chunks are saved
[16Sep2022 03:06:24.189] [Server thread/INFO] [net.minecraft.server.MinecraftServer/]: Saving chunks for level 'ServerLevel[world]'/advancedrocketry:space
[16Sep2022 03:06:24.190] [Server thread/INFO] [net.minecraft.world.server.ChunkManager/]: ThreadedAnvilChunkStorage (space): All chunks are saved
[16Sep2022 03:06:24.190] [Server thread/INFO] [net.minecraft.server.MinecraftServer/]: Saving chunks for level 'ServerLevel[world]'/custommoon:moon
[16Sep2022 03:06:24.192] [Server thread/INFO] [net.minecraft.world.server.ChunkManager/]: ThreadedAnvilChunkStorage (moon): All chunks are saved
[16Sep2022 03:06:24.229] [Server thread/INFO] [net.minecraft.world.server.ChunkManager/]: ThreadedAnvilChunkStorage (world): All chunks are saved
[16Sep2022 03:06:24.242] [Server thread/INFO] [net.minecraft.world.server.ChunkManager/]: ThreadedAnvilChunkStorage (DIM-1): All chunks are saved
[16Sep2022 03:06:24.243] [Server thread/INFO] [net.minecraft.world.server.ChunkManager/]: ThreadedAnvilChunkStorage (DIM1): All chunks are saved
[16Sep2022 03:06:24.243] [Server thread/INFO] [net.minecraft.world.server.ChunkManager/]: ThreadedAnvilChunkStorage (space): All chunks are saved
[16Sep2022 03:06:24.243] [Server thread/INFO] [net.minecraft.world.server.ChunkManager/]: ThreadedAnvilChunkStorage (moon): All chunks are saved
